<?xml version="1.0" encoding="UTF-8"?>
<!-- Generated by org.testng.reporters.JUnitXMLReporter -->
<testsuite ignored="0" hostname="DEEPIKAPATIL" failures="0" tests="3" name="Default test" time="4.852" errors="0" timestamp="2025-03-24T04:58:04 IST">
  <testcase classname="testng.groups.Groups" name="checkTitle" time="0.009"/>
  <testcase classname="testng.groups.Groups" name="click_element" time="0.001"/>
  <testcase classname="testng.groups.Groups" name="starting_point" time="4.811"/>
</testsuite> <!-- Default test -->
