<?xml version="1.0" encoding="UTF-8"?>
<!-- Generated by org.testng.reporters.JUnitXMLReporter -->
<testsuite ignored="0" hostname="DEEPIKAPATIL" failures="0" tests="3" name="Default test" time="0.115" errors="0" timestamp="2025-03-23T11:42:04 IST">
  <testcase classname="testng.priority.Priority" name="OpenBrowser" time="0.01"/>
  <testcase classname="testng.priority.Priority" name="AccountTest" time="0.001"/>
  <testcase classname="testng.priority.Priority" name="CloseBrowser" time="0.076"/>
</testsuite> <!-- Default test -->
