<?xml version="1.0" encoding="UTF-8"?>
<!-- Generated by org.testng.reporters.JUnitXMLReporter -->
<testsuite ignored="1" hostname="DEEPIKAPATIL" failures="0" tests="2" name="ToolsQA" time="0.04" errors="0" timestamp="2025-03-24T04:57:54 IST">
  <testcase classname="testng.groups.Groups" name="checkTitle" time="0.009"/>
  <testcase classname="testng.groups.Groups" name="click_element" time="0.001"/>
  <testcase classname="testng.groups.Groups" name="starting_point" time="0.0">
    <ignored/>
  </testcase> <!-- starting_point -->
</testsuite> <!-- ToolsQA -->
