<?xml version="1.0" encoding="UTF-8"?>
<testng-results ignored="0" total="3" passed="3" failed="0" skipped="0">
  <reporter-output>
  </reporter-output>
  <suite started-at="2025-03-24T04:57:59 IST" name="Default suite" finished-at="2025-03-24T04:58:04 IST" duration-ms="4852">
    <groups>
      <group name="demo">
        <method signature="Groups.checkTitle()[pri:0, instance:testng.groups.Groups@e350b40]" name="checkTitle" class="testng.groups.Groups"/>
        <method signature="Groups.click_element()[pri:0, instance:testng.groups.Groups@e350b40]" name="click_element" class="testng.groups.Groups"/>
      </group> <!-- demo -->
    </groups>
    <test started-at="2025-03-24T04:57:59 IST" name="Default test" finished-at="2025-03-24T04:58:04 IST" duration-ms="4852">
      <class name="testng.groups.Groups">
        <test-method signature="checkTitle()[pri:0, instance:testng.groups.Groups@e350b40]" started-at="2025-03-24T04:57:59 IST" name="checkTitle" finished-at="2025-03-24T04:57:59 IST" duration-ms="9" status="PASS">
          <reporter-output>
          </reporter-output>
        </test-method> <!-- checkTitle -->
        <test-method signature="click_element()[pri:0, instance:testng.groups.Groups@e350b40]" started-at="2025-03-24T04:57:59 IST" name="click_element" finished-at="2025-03-24T04:57:59 IST" duration-ms="1" status="PASS">
          <reporter-output>
          </reporter-output>
        </test-method> <!-- click_element -->
        <test-method signature="starting_point()[pri:0, instance:testng.groups.Groups@e350b40]" started-at="2025-03-24T04:57:59 IST" name="starting_point" finished-at="2025-03-24T04:58:04 IST" duration-ms="4811" status="PASS">
          <reporter-output>
          </reporter-output>
        </test-method> <!-- starting_point -->
      </class> <!-- testng.groups.Groups -->
    </test> <!-- Default test -->
  </suite> <!-- Default suite -->
</testng-results>
