<?xml version="1.0" encoding="UTF-8"?>
<!-- Generated by org.testng.reporters.JUnitXMLReporter -->
<testsuite ignored="0" hostname="DEEPIKAPATIL" failures="1" tests="2" name="Asserts" time="4.291" errors="0" timestamp="2025-03-23T13:00:59 IST">
  <testcase classname="testng.asserts.Asserts" name="CloseBrowser" time="0.087"/>
  <testcase classname="testng.asserts.Asserts" name="OpenBrowser" time="4.173">
    <failure type="java.lang.AssertionError" message="expected [Free QA Automation Tools For Everyone] but found [DEMOQA]">
      <![CDATA[java.lang.AssertionError: expected [Free QA Automation Tools For Everyone] but found [DEMOQA]
at testng.asserts.Asserts.OpenBrowser(Asserts.java:32)
at java.base/java.util.ArrayList.forEach(ArrayList.java:1511)
... Removed 31 stack frames]]>
    </failure>
  </testcase> <!-- OpenBrowser -->
</testsuite> <!-- Asserts -->
